Compiling the C compiler identification source file "CMakeCCompilerId.c" failed.
Compiler: C:/MinGW/bin/gcc.exe 
Build flags: 
Id flags:  

The output was:
1


Compiling the C compiler identification source file "CMakeCCompilerId.c" failed.
Compiler: C:/MinGW/bin/gcc.exe 
Build flags: 
Id flags: -c 

The output was:
1


Compiling the C compiler identification source file "CMakeCCompilerId.c" failed.
Compiler: C:/MinGW/bin/gcc.exe 
Build flags: 
Id flags: -Aa 

The output was:
1


Compiling the C compiler identification source file "CMakeCCompilerId.c" failed.
Compiler: C:/MinGW/bin/gcc.exe 
Build flags: 
Id flags: -D__CLASSIC_C__ 

The output was:
1


Compiling the C compiler identification source file "CMakeCCompilerId.c" failed.
Compiler: C:/MinGW/bin/gcc.exe 
Build flags: 
Id flags: --target=arm-arm-none-eabi;-mcpu=cortex-m3 

The output was:
1
gcc.exe: warning: '-mcpu=' is deprecated; use '-mtune=' or '-march=' instead
gcc.exe: error: unrecognized command line option '--target=arm-arm-none-eabi'


Compiling the C compiler identification source file "CMakeCCompilerId.c" failed.
Compiler: C:/MinGW/bin/gcc.exe 
Build flags: 
Id flags: -c;-I__does_not_exist__ 

The output was:
1


Compiling the C compiler identification source file "CMakeCCompilerId.c" failed.
Compiler: C:/MinGW/bin/gcc.exe 
Build flags: 
Id flags:  

The output was:
1


Compiling the C compiler identification source file "CMakeCCompilerId.c" failed.
Compiler: C:/MinGW/bin/gcc.exe 
Build flags: 
Id flags: -c 

The output was:
1


Compiling the C compiler identification source file "CMakeCCompilerId.c" failed.
Compiler: C:/MinGW/bin/gcc.exe 
Build flags: 
Id flags: -Aa 

The output was:
1


Compiling the C compiler identification source file "CMakeCCompilerId.c" failed.
Compiler: C:/MinGW/bin/gcc.exe 
Build flags: 
Id flags: -D__CLASSIC_C__ 

The output was:
1


Compiling the C compiler identification source file "CMakeCCompilerId.c" failed.
Compiler: C:/MinGW/bin/gcc.exe 
Build flags: 
Id flags: --target=arm-arm-none-eabi;-mcpu=cortex-m3 

The output was:
1
gcc.exe: warning: '-mcpu=' is deprecated; use '-mtune=' or '-march=' instead
gcc.exe: error: unrecognized command line option '--target=arm-arm-none-eabi'


Compiling the C compiler identification source file "CMakeCCompilerId.c" failed.
Compiler: C:/MinGW/bin/gcc.exe 
Build flags: 
Id flags: -c;-I__does_not_exist__ 

The output was:
1


Checking whether the C compiler is IAR using "" did not match "IAR .+ Compiler":
gcc.exe: fatal error: no input files
compilation terminated.
Checking whether the C compiler is IAR using "" did not match "IAR .+ Compiler":
gcc.exe: fatal error: no input files
compilation terminated.
Detecting C compiler ABI info failed to compile with the following output:
Change Dir: C:/C_projects/GameFrameWork/RayLib/CMakeFiles/CMakeTmp

Run Build Command(s):C:/MinGW/bin/mingw32-make.exe -f Makefile cmTC_c6eaa/fast && C:/MinGW/bin/mingw32-make.exe  -f CMakeFiles\cmTC_c6eaa.dir\build.make CMakeFiles/cmTC_c6eaa.dir/build
mingw32-make.exe[1]: Entering directory 'C:/C_projects/GameFrameWork/RayLib/CMakeFiles/CMakeTmp'
Building C object CMakeFiles/cmTC_c6eaa.dir/CMakeCCompilerABI.c.obj
C:\MinGW\bin\gcc.exe    -o CMakeFiles\cmTC_c6eaa.dir\CMakeCCompilerABI.c.obj -c "C:\Program Files\CMake\share\cmake-3.21\Modules\CMakeCCompilerABI.c"
mingw32-make.exe[1]: *** [CMakeFiles\cmTC_c6eaa.dir\build.make:77: CMakeFiles/cmTC_c6eaa.dir/CMakeCCompilerABI.c.obj] Error 1
mingw32-make.exe[1]: Leaving directory 'C:/C_projects/GameFrameWork/RayLib/CMakeFiles/CMakeTmp'
mingw32-make.exe: *** [Makefile:126: cmTC_c6eaa/fast] Error 2




Determining if the C compiler works failed with the following output:
Change Dir: C:/C_projects/GameFrameWork/RayLib/CMakeFiles/CMakeTmp

Run Build Command(s):C:/MinGW/bin/mingw32-make.exe -f Makefile cmTC_e1d15/fast && C:/MinGW/bin/mingw32-make.exe  -f CMakeFiles\cmTC_e1d15.dir\build.make CMakeFiles/cmTC_e1d15.dir/build
mingw32-make.exe[1]: Entering directory 'C:/C_projects/GameFrameWork/RayLib/CMakeFiles/CMakeTmp'
Building C object CMakeFiles/cmTC_e1d15.dir/testCCompiler.c.obj
C:\MinGW\bin\gcc.exe    -o CMakeFiles\cmTC_e1d15.dir\testCCompiler.c.obj -c C:\C_projects\GameFrameWork\RayLib\CMakeFiles\CMakeTmp\testCCompiler.c
mingw32-make.exe[1]: *** [CMakeFiles\cmTC_e1d15.dir\build.make:77: CMakeFiles/cmTC_e1d15.dir/testCCompiler.c.obj] Error 1
mingw32-make.exe[1]: Leaving directory 'C:/C_projects/GameFrameWork/RayLib/CMakeFiles/CMakeTmp'
mingw32-make.exe: *** [Makefile:126: cmTC_e1d15/fast] Error 2



